<?xml version="1.0" encoding="UTF-8"?>
<testsuite xmlns:xsi="http://www.w3.org/2001/XMLSchema-instance" xsi:noNamespaceSchemaLocation="https://maven.apache.org/surefire/maven-surefire-plugin/xsd/surefire-test-report.xsd" name="com.isel.sincroserver.SincroserverApplicationTests" time="11.148" tests="3" errors="0" skipped="0" failures="0">
  <properties>
[...]
</properties>
  <testcase name="testFileResources" classname="com.isel.sincroserver.SincroserverApplicationTests" time="0.735"/>
  <testcase name="testRepositoryDriverOps" classname="com.isel.sincroserver.SincroserverApplicationTests" time="0.241"/>
  <testcase name="contextLoads" classname="com.isel.sincroserver.SincroserverApplicationTests" time="0.006"/>
</testsuite>